# JRE version: Java(TM) SE Runtime Environment (8.0_301-b09) (build 1.8.0_301-b09)
# Java VM: Java HotSpot(TM) 64-Bit Server VM (25.301-b09 mixed mode windows-amd64 compressed oops)
Heap:
 PSYoungGen      total 198144K, used 10283K [0x000000076bb80000, 0x000000077a600000, 0x00000007c0000000)
  eden space 183296K, 5% used [0x000000076bb80000,0x000000076c58ad50,0x0000000776e80000)
  from space 14848K, 0% used [0x0000000777e00000,0x0000000777e00000,0x0000000778c80000)
  to   space 15872K, 0% used [0x0000000776e80000,0x0000000776e80000,0x0000000777e00000)
 ParOldGen       total 142336K, used 15234K [0x00000006c3200000, 0x00000006cbd00000, 0x000000076bb80000)
  object space 142336K, 10% used [0x00000006c3200000,0x00000006c40e0b90,0x00000006cbd00000)
 Metaspace       used 33889K, capacity 35916K, committed 36096K, reserved 1081344K
  class space    used 4438K, capacity 4830K, committed 4864K, reserved 1048576K
GC Heap History (10 events):
Event: 1.296 GC heap before
{Heap before GC invocations=4 (full 1):
 PSYoungGen      total 75776K, used 5949K [0x000000076bb80000, 0x0000000774f80000, 0x00000007c0000000)
  eden space 65024K, 0% used [0x000000076bb80000,0x000000076bb80000,0x000000076fb00000)
  from space 10752K, 55% used [0x000000076fb00000,0x00000007700cf760,0x0000000770580000)
  to   space 10752K, 0% used [0x0000000774500000,0x0000000774500000,0x0000000774f80000)
 ParOldGen       total 173568K, used 249K [0x00000006c3200000, 0x00000006cdb80000, 0x000000076bb80000)
  object space 173568K, 0% used [0x00000006c3200000,0x00000006c323e728,0x00000006cdb80000)
 Metaspace       used 20265K, capacity 21154K, committed 21248K, reserved 1067008K
  class space    used 2551K, capacity 2771K, committed 2816K, reserved 1048576K
Event: 1.312 GC heap after
Heap after GC invocations=4 (full 1):
 PSYoungGen      total 75776K, used 0K [0x000000076bb80000, 0x0000000774f80000, 0x00000007c0000000)
  eden space 65024K, 0% used [0x000000076bb80000,0x000000076bb80000,0x000000076fb00000)
  from space 10752K, 0% used [0x000000076fb00000,0x000000076fb00000,0x0000000770580000)
  to   space 10752K, 0% used [0x0000000774500000,0x0000000774500000,0x0000000774f80000)
 ParOldGen       total 88576K, used 5846K [0x00000006c3200000, 0x00000006c8880000, 0x000000076bb80000)
  object space 88576K, 6% used [0x00000006c3200000,0x00000006c37b5be8,0x00000006c8880000)
 Metaspace       used 20265K, capacity 21154K, committed 21248K, reserved 1067008K
  class space    used 2551K, capacity 2771K, committed 2816K, reserved 1048576K
}
Event: 1.586 GC heap before
{Heap before GC invocations=5 (full 1):
 PSYoungGen      total 75776K, used 65024K [0x000000076bb80000, 0x0000000774f80000, 0x00000007c0000000)
  eden space 65024K, 100% used [0x000000076bb80000,0x000000076fb00000,0x000000076fb00000)
  from space 10752K, 0% used [0x000000076fb00000,0x000000076fb00000,0x0000000770580000)
  to   space 10752K, 0% used [0x0000000774500000,0x0000000774500000,0x0000000774f80000)
 ParOldGen       total 88576K, used 5846K [0x00000006c3200000, 0x00000006c8880000, 0x000000076bb80000)
  object space 88576K, 6% used [0x00000006c3200000,0x00000006c37b5be8,0x00000006c8880000)
 Metaspace       used 22191K, capacity 23232K, committed 23552K, reserved 1069056K
  class space    used 2773K, capacity 2988K, committed 3072K, reserved 1048576K
Event: 1.589 GC heap after
Heap after GC invocations=5 (full 1):
 PSYoungGen      total 116736K, used 5868K [0x000000076bb80000, 0x0000000774b00000, 0x00000007c0000000)
  eden space 110592K, 0% used [0x000000076bb80000,0x000000076bb80000,0x0000000772780000)
  from space 6144K, 95% used [0x0000000774500000,0x0000000774abb1e8,0x0000000774b00000)
  to   space 10752K, 0% used [0x0000000773600000,0x0000000773600000,0x0000000774080000)
 ParOldGen       total 88576K, used 5854K [0x00000006c3200000, 0x00000006c8880000, 0x000000076bb80000)
  object space 88576K, 6% used [0x00000006c3200000,0x00000006c37b7be8,0x00000006c8880000)
 Metaspace       used 22191K, capacity 23232K, committed 23552K, reserved 1069056K
  class space    used 2773K, capacity 2988K, committed 3072K, reserved 1048576K
}
Event: 2.242 GC heap before
{Heap before GC invocations=6 (full 1):
 PSYoungGen      total 116736K, used 116460K [0x000000076bb80000, 0x0000000774b00000, 0x00000007c0000000)
  eden space 110592K, 100% used [0x000000076bb80000,0x0000000772780000,0x0000000772780000)
  from space 6144K, 95% used [0x0000000774500000,0x0000000774abb1e8,0x0000000774b00000)
  to   space 10752K, 0% used [0x0000000773600000,0x0000000773600000,0x0000000774080000)
 ParOldGen       total 88576K, used 5854K [0x00000006c3200000, 0x00000006c8880000, 0x000000076bb80000)
  object space 88576K, 6% used [0x00000006c3200000,0x00000006c37b7be8,0x00000006c8880000)
 Metaspace       used 29260K, capacity 30662K, committed 30720K, reserved 1075200K
  class space    used 3762K, capacity 4061K, committed 4096K, reserved 1048576K
Event: 2.251 GC heap after
Heap after GC invocations=6 (full 1):
 PSYoungGen      total 136192K, used 10729K [0x000000076bb80000, 0x0000000778c80000, 0x00000007c0000000)
  eden space 125440K, 0% used [0x000000076bb80000,0x000000076bb80000,0x0000000773600000)
  from space 10752K, 99% used [0x0000000773600000,0x000000077407a6c8,0x0000000774080000)
  to   space 14848K, 0% used [0x0000000777e00000,0x0000000777e00000,0x0000000778c80000)
 ParOldGen       total 88576K, used 8044K [0x00000006c3200000, 0x00000006c8880000, 0x000000076bb80000)
  object space 88576K, 9% used [0x00000006c3200000,0x00000006c39db0d8,0x00000006c8880000)
 Metaspace       used 29260K, capacity 30662K, committed 30720K, reserved 1075200K
  class space    used 3762K, capacity 4061K, committed 4096K, reserved 1048576K
}
Event: 2.621 GC heap before
{Heap before GC invocations=7 (full 1):
 PSYoungGen      total 136192K, used 68154K [0x000000076bb80000, 0x0000000778c80000, 0x00000007c0000000)
  eden space 125440K, 45% used [0x000000076bb80000,0x000000076f3943b0,0x0000000773600000)
  from space 10752K, 99% used [0x0000000773600000,0x000000077407a6c8,0x0000000774080000)
  to   space 14848K, 0% used [0x0000000777e00000,0x0000000777e00000,0x0000000778c80000)
 ParOldGen       total 88576K, used 8044K [0x00000006c3200000, 0x00000006c8880000, 0x000000076bb80000)
  object space 88576K, 9% used [0x00000006c3200000,0x00000006c39db0d8,0x00000006c8880000)
 Metaspace       used 33520K, capacity 35374K, committed 35416K, reserved 1079296K
  class space    used 4366K, capacity 4707K, committed 4736K, reserved 1048576K
Event: 2.629 GC heap after
Heap after GC invocations=7 (full 1):
 PSYoungGen      total 198144K, used 11940K [0x000000076bb80000, 0x000000077a600000, 0x00000007c0000000)
  eden space 183296K, 0% used [0x000000076bb80000,0x000000076bb80000,0x0000000776e80000)
  from space 14848K, 80% used [0x0000000777e00000,0x00000007789a9158,0x0000000778c80000)
  to   space 15872K, 0% used [0x0000000776e80000,0x0000000776e80000,0x0000000777e00000)
 ParOldGen       total 88576K, used 8052K [0x00000006c3200000, 0x00000006c8880000, 0x000000076bb80000)
  object space 88576K, 9% used [0x00000006c3200000,0x00000006c39dd0d8,0x00000006c8880000)
 Metaspace       used 33520K, capacity 35374K, committed 35416K, reserved 1079296K
  class space    used 4366K, capacity 4707K, committed 4736K, reserved 1048576K
}
Event: 2.629 GC heap before
{Heap before GC invocations=8 (full 2):
 PSYoungGen      total 198144K, used 11940K [0x000000076bb80000, 0x000000077a600000, 0x00000007c0000000)
  eden space 183296K, 0% used [0x000000076bb80000,0x000000076bb80000,0x0000000776e80000)
  from space 14848K, 80% used [0x0000000777e00000,0x00000007789a9158,0x0000000778c80000)
  to   space 15872K, 0% used [0x0000000776e80000,0x0000000776e80000,0x0000000777e00000)
 ParOldGen       total 88576K, used 8052K [0x00000006c3200000, 0x00000006c8880000, 0x000000076bb80000)
  object space 88576K, 9% used [0x00000006c3200000,0x00000006c39dd0d8,0x00000006c8880000)
 Metaspace       used 33520K, capacity 35374K, committed 35416K, reserved 1079296K
  class space    used 4366K, capacity 4707K, committed 4736K, reserved 1048576K
Event: 2.681 GC heap after
Heap after GC invocations=8 (full 2):
 PSYoungGen      total 198144K, used 0K [0x000000076bb80000, 0x000000077a600000, 0x00000007c0000000)
  eden space 183296K, 0% used [0x000000076bb80000,0x000000076bb80000,0x0000000776e80000)
  from space 14848K, 0% used [0x0000000777e00000,0x0000000777e00000,0x0000000778c80000)
  to   space 15872K, 0% used [0x0000000776e80000,0x0000000776e80000,0x0000000777e00000)
 ParOldGen       total 142336K, used 15234K [0x00000006c3200000, 0x00000006cbd00000, 0x000000076bb80000)
  object space 142336K, 10% used [0x00000006c3200000,0x00000006c40e0b90,0x00000006cbd00000)
 Metaspace       used 33520K, capacity 35374K, committed 35416K, reserved 1079296K
  class space    used 4366K, capacity 4707K, committed 4736K, reserved 1048576K
}

